2025-07-08 14:35:19,462 - INFO - SuesCenter 初始化完成
2025-07-08 14:35:48,377 - INFO - 开始处理问题: 2024年上海工程技术大学研究生复试分数线
2025-07-08 14:35:50,106 - DEBUG - Building prefix dict from the default dictionary ...
2025-07-08 14:35:50,107 - DEBUG - Loading model from cache C:\Users\ADMINI~1\AppData\Local\Temp\jieba.cache
2025-07-08 14:35:50,666 - DEBUG - Loading model cost 0.559 seconds.
2025-07-08 14:35:50,666 - DEBUG - Prefix dict has been built successfully.
2025-07-08 14:35:52,711 - INFO - 成功处理结果: 上海工程技术大学2024年硕士研究生招生考试复试分数线要求 (https://ge.sues.edu.cn/06/5e/c20696a263774/page.htm)
2025-07-08 14:35:52,724 - INFO - 成功处理结果: 上海工程技术大学2021年硕士研究生招生考试复试分数线要求 (https://ge.sues.edu.cn/2a/f3/c19709a207603/page.htm)
2025-07-08 14:35:52,780 - INFO - 成功处理结果: 上海工程技术大学2024年硕士研究生招生考试复试分数线要求 (http://sh.kaoyan365.cn/yanzhaoxinxi/shkyfsx/54991.html)
2025-07-08 14:35:53,108 - INFO - 成功处理结果: 刚刚!上海工程技术大学2024年硕士研究生招生考试复试分数线公布 (https://mp.weixin.qq.com/s?__biz=MjM5NjI2MjMzOQ==&mid=2649457465&idx=1&sn=48760af368b1f0b9f919a01d7851dec6&chksm=bef4db95898352837a3ee808e57b1857e4aa7c7f6c58e9d0faa2b005d48aab0ab600ded52beb&scene=27)
2025-07-08 14:35:53,143 - INFO - 成功处理结果: 「重磅!」2024年上海工程技术大学考研专业分数线及历年复试线全... (https://wappass.baidu.com/static/captcha/tuxing.html?ak=572be823e2f50ea759a616c060d6b9f1&backurl=https%3A%2F%2Fmbd.baidu.com%2Fnewspage%2Fdata%2Flandingsuper%3Fid%3D1808231521985871134%26wfr%3Dspider%26for%3Dpc%26third%3Dbaijiahao%26baijiahao_id%3D1808231521985871134%26c_source%3Dkunlun%26c_score%3D0.999100&timestamp=1751956550&signature=775f70233eb81d0b3cb2d9e604b3295f)
2025-07-08 14:35:53,283 - INFO - 成功处理结果: 2024-2025年上海工程技术大学研究生分数线(近2年分数线)_乐贞教育 (https://hnzsbw.com/kaoyanzixun/595106.html)
2025-07-08 14:35:53,334 - INFO - 成功处理结果: ...上政2024年考研复试分数线公布→_社会广角_民生频道_上海市... (https://www.jiading.gov.cn/mspd/shgj/content_877741)
2025-07-08 14:35:53,368 - INFO - 成功处理结果: 上海这些大学公布2024年考研复试分数线→ (https://wappass.baidu.com/static/captcha/tuxing.html?ak=572be823e2f50ea759a616c060d6b9f1&backurl=https%3A%2F%2Fmbd.baidu.com%2Fnewspage%2Fdata%2Flandingsuper%3Fid%3D1793657675520246079%26wfr%3Dspider%26for%3Dpc%26third%3Dbaijiahao%26baijiahao_id%3D1793657675520246079%26c_source%3Dkunlun%26c_score%3D0.999100&timestamp=1751956551&signature=df5ca6b1d7624bd5131d17ab604b26fa)
2025-07-08 14:35:55,791 - INFO - 成功响应-1，问题：2024年上海工程技术大学研究生复试分数线
2025-07-08 14:35:59,176 - INFO - 成功响应-2，问题：2024年上海工程技术大学研究生复试分数线
2025-07-08 14:36:00,980 - INFO - 成功响应-3，问题：2024年上海工程技术大学研究生复试分数线
2025-07-08 14:36:01,673 - WARNING - API请求失败 (尝试 1/3): 400 Client Error: Bad Request for url: https://api.siliconflow.cn/v1/chat/completions
2025-07-08 14:36:07,378 - WARNING - API请求失败 (尝试 2/3): 400 Client Error: Bad Request for url: https://api.siliconflow.cn/v1/chat/completions
2025-07-08 14:36:13,055 - WARNING - API请求失败 (尝试 3/3): 400 Client Error: Bad Request for url: https://api.siliconflow.cn/v1/chat/completions
2025-07-08 14:36:13,056 - ERROR - 达到最大重试次数，请求失败
2025-07-08 14:36:14,941 - INFO - 成功响应-5，问题：2024年上海工程技术大学研究生复试分数线
2025-07-08 14:36:21,506 - INFO - 成功响应-6，问题：2024年上海工程技术大学研究生复试分数线
2025-07-08 14:36:23,195 - INFO - 成功响应-7，问题：2024年上海工程技术大学研究生复试分数线
2025-07-08 14:36:24,971 - INFO - 成功响应-8，问题：2024年上海工程技术大学研究生复试分数线
2025-07-08 14:36:24,971 - INFO - 问题处理完成: 2024年上海工程技术大学研究生复试分数线, 结果数: 7
